<?xml version="1.0" encoding="UTF-8"?>
<!-- Generated by org.testng.reporters.JUnitXMLReporter -->
<testsuite hostname="SALMAN" name="Test" tests="7" failures="0" timestamp="22 Aug 2020 22:33:37 GMT" time="144.122" errors="0">
  <testcase name="feature" time="20.841" classname="bdd.runners.RunnerClass"/>
  <testcase name="feature" time="12.507" classname="bdd.runners.RunnerClass"/>
  <testcase name="feature" time="17.944" classname="bdd.runners.RunnerClass"/>
  <testcase name="feature" time="13.274" classname="bdd.runners.RunnerClass"/>
  <testcase name="feature" time="25.227" classname="bdd.runners.RunnerClass"/>
  <testcase name="feature" time="37.248" classname="bdd.runners.RunnerClass"/>
  <testcase name="feature" time="16.572" classname="bdd.runners.RunnerClass"/>
</testsuite> <!-- Test -->
