<?xml version="1.0" encoding="UTF-8"?>
<testng-results skipped="0" failed="0" total="7" passed="7">
  <reporter-output>
  </reporter-output>
  <suite name="Suite" duration-ms="144122" started-at="2020-08-22T22:31:13Z" finished-at="2020-08-22T22:33:37Z">
    <groups>
      <group name="cucumber">
        <method signature="AbstractTestNGCucumberTests.feature(cucumber.api.testng.CucumberFeatureWrapper)[pri:0, instance:bdd.runners.RunnerClass@13c78c0b]" name="feature" class="cucumber.api.testng.AbstractTestNGCucumberTests"/>
      </group> <!-- cucumber -->
    </groups>
    <test name="Test" duration-ms="144122" started-at="2020-08-22T22:31:13Z" finished-at="2020-08-22T22:33:37Z">
      <class name="bdd.runners.RunnerClass">
        <test-method status="PASS" signature="setUpClass()[pri:0, instance:bdd.runners.RunnerClass@13c78c0b]" name="setUpClass" is-config="true" duration-ms="163" started-at="2020-08-22T15:31:13Z" finished-at="2020-08-22T15:31:13Z">
          <reporter-output>
          </reporter-output>
        </test-method> <!-- setUpClass -->
        <test-method status="PASS" signature="feature(cucumber.api.testng.CucumberFeatureWrapper)[pri:0, instance:bdd.runners.RunnerClass@13c78c0b]" name="feature" duration-ms="20841" started-at="2020-08-22T15:31:13Z" description="Runs Cucumber Feature" data-provider="features" finished-at="2020-08-22T15:31:34Z">
          <params>
            <param index="0">
              <value>
                <![CDATA[Users ability to register]]>
              </value>
            </param>
          </params>
          <reporter-output>
          </reporter-output>
        </test-method> <!-- feature -->
        <test-method status="PASS" signature="feature(cucumber.api.testng.CucumberFeatureWrapper)[pri:0, instance:bdd.runners.RunnerClass@13c78c0b]" name="feature" duration-ms="12507" started-at="2020-08-22T15:31:34Z" description="Runs Cucumber Feature" data-provider="features" finished-at="2020-08-22T15:31:47Z">
          <params>
            <param index="0">
              <value>
                <![CDATA[Users ability to login]]>
              </value>
            </param>
          </params>
          <reporter-output>
          </reporter-output>
        </test-method> <!-- feature -->
        <test-method status="PASS" signature="feature(cucumber.api.testng.CucumberFeatureWrapper)[pri:0, instance:bdd.runners.RunnerClass@13c78c0b]" name="feature" duration-ms="17944" started-at="2020-08-22T15:31:47Z" description="Runs Cucumber Feature" data-provider="features" finished-at="2020-08-22T15:32:05Z">
          <params>
            <param index="0">
              <value>
                <![CDATA[Users ability to lookup city using zipcode]]>
              </value>
            </param>
          </params>
          <reporter-output>
          </reporter-output>
        </test-method> <!-- feature -->
        <test-method status="PASS" signature="feature(cucumber.api.testng.CucumberFeatureWrapper)[pri:0, instance:bdd.runners.RunnerClass@13c78c0b]" name="feature" duration-ms="13274" started-at="2020-08-22T15:32:05Z" description="Runs Cucumber Feature" data-provider="features" finished-at="2020-08-22T15:32:18Z">
          <params>
            <param index="0">
              <value>
                <![CDATA[Users ability to calculate a shiping price]]>
              </value>
            </param>
          </params>
          <reporter-output>
          </reporter-output>
        </test-method> <!-- feature -->
        <test-method status="PASS" signature="feature(cucumber.api.testng.CucumberFeatureWrapper)[pri:0, instance:bdd.runners.RunnerClass@13c78c0b]" name="feature" duration-ms="25227" started-at="2020-08-22T15:32:18Z" description="Runs Cucumber Feature" data-provider="features" finished-at="2020-08-22T15:32:43Z">
          <params>
            <param index="0">
              <value>
                <![CDATA[Users ability to track a shipment]]>
              </value>
            </param>
          </params>
          <reporter-output>
          </reporter-output>
        </test-method> <!-- feature -->
        <test-method status="PASS" signature="feature(cucumber.api.testng.CucumberFeatureWrapper)[pri:0, instance:bdd.runners.RunnerClass@13c78c0b]" name="feature" duration-ms="37248" started-at="2020-08-22T15:32:43Z" description="Runs Cucumber Feature" data-provider="features" finished-at="2020-08-22T15:33:20Z">
          <params>
            <param index="0">
              <value>
                <![CDATA[Users ability to add goods on shopping cart.]]>
              </value>
            </param>
          </params>
          <reporter-output>
          </reporter-output>
        </test-method> <!-- feature -->
        <test-method status="PASS" signature="feature(cucumber.api.testng.CucumberFeatureWrapper)[pri:0, instance:bdd.runners.RunnerClass@13c78c0b]" name="feature" duration-ms="16572" started-at="2020-08-22T15:33:20Z" description="Runs Cucumber Feature" data-provider="features" finished-at="2020-08-22T15:33:37Z">
          <params>
            <param index="0">
              <value>
                <![CDATA[Users ability to request a pickup]]>
              </value>
            </param>
          </params>
          <reporter-output>
          </reporter-output>
        </test-method> <!-- feature -->
        <test-method status="PASS" signature="writeExtentReport()[pri:0, instance:bdd.runners.RunnerClass@13c78c0b]" name="writeExtentReport" is-config="true" duration-ms="14" started-at="2020-08-22T15:33:37Z" finished-at="2020-08-22T15:33:37Z">
          <reporter-output>
          </reporter-output>
        </test-method> <!-- writeExtentReport -->
        <test-method status="PASS" signature="tearDownClass()[pri:0, instance:bdd.runners.RunnerClass@13c78c0b]" name="tearDownClass" is-config="true" duration-ms="265" started-at="2020-08-22T15:33:37Z" finished-at="2020-08-22T15:33:37Z">
          <reporter-output>
          </reporter-output>
        </test-method> <!-- tearDownClass -->
      </class> <!-- bdd.runners.RunnerClass -->
    </test> <!-- Test -->
  </suite> <!-- Suite -->
</testng-results>
