<?xml version="1.0" encoding="UTF-8"?>
<testsuite xmlns:xsi="http://www.w3.org/2001/XMLSchema-instance" xsi:noNamespaceSchemaLocation="https://maven.apache.org/surefire/maven-surefire-plugin/xsd/surefire-test-report.xsd" name="TestSuite" time="138.454" tests="6" errors="0" skipped="0" failures="1">
  <properties>
[...]
</properties>
  <testcase name="feature" classname="bdd.runners.RunnerClass" time="17.975"/>
  <testcase name="feature" classname="bdd.runners.RunnerClass" time="17.443"/>
  <testcase name="feature" classname="bdd.runners.RunnerClass" time="19.966"/>
  <testcase name="feature" classname="bdd.runners.RunnerClass" time="24.541"/>
  <testcase name="feature" classname="bdd.runners.RunnerClass" time="38.189"/>
  <testcase name="feature" classname="bdd.runners.RunnerClass" time="19.541">
    <failure message="java.lang.NullPointerException" type="cucumber.runtime.CucumberException">cucumber.runtime.CucumberException: java.lang.NullPointerException
Caused by: java.lang.NullPointerException
</failure>
    <system-out><![CDATA[@usps @regression
Feature: Users ability to request a pickup
>> Initializing Chrome Driver
User should able to schedule a pickup request using Schedule a Pickup service
----------

  Scenario: User should able to schedule a pickup request using Schedule a Pickup service # 06.UspsScheduleAPickup.feature:4
    Given Visit Usps Homepage                                                             # UspsScheduleAPickupSteps.visit_Usps_Homepage()
    When Hover over mail and ship and click on Schedule a pickup                          # UspsScheduleAPickupSteps.hover_over_mail_and_ship_and_click_on_Schedule_a_pickup()
    And Insert Pickup location details.                                                   # UspsScheduleAPickupSteps.insert_Pickup_location_details()
      java.lang.NullPointerException
      	at bdd.usps.PageActions.UspsScheduleAPickupActions.insertPickupLocationDetails(UspsScheduleAPickupActions.java:39)
      	at bdd.usps.stepDef.UspsScheduleAPickupSteps.insert_Pickup_location_details(UspsScheduleAPickupSteps.java:24)
      	at ?.And Insert Pickup location details.(06.UspsScheduleAPickup.feature:8)

    And Click on check availability                                                       # UspsScheduleAPickupSteps.click_on_check_availability()
    Then Verify if service is available                                                   # UspsScheduleAPickupSteps.verify_if_service_is_available()
]]></system-out>
    <system-err><![CDATA[Starting ChromeDriver 84.0.4147.30 (48b3e868b4cc0aa7e8149519690b6f6949e110a8-refs/branch-heads/4147@{#310}) on port 15795
Only local connections are allowed.
Please see https://chromedriver.chromium.org/security-considerations for suggestions on keeping ChromeDriver safe.
ChromeDriver was started successfully.
Aug 16, 2020 11:44:01 AM org.openqa.selenium.remote.ProtocolHandshake createSession
INFO: Detected dialect: W3C
]]></system-err>
  </testcase>
</testsuite>